Arguments: 
  /usr/bin/node /usr/bin/yarn add @openzeppelin/contracts@0.6.12

PATH: 
  /home/abims/.local/bin:/home/abims/.cargo/bin:/home/abims/.local/bin:/usr/local/sbin:/usr/local/bin:/usr/bin:/usr/bin/site_perl:/usr/bin/vendor_perl:/usr/bin/core_perl:/var/lib/snapd/snap/bin:/home/abims/.foundry/bin:/home/abims/.foundry/bin:/home/abims/.foundry/bin:/home/abims/.foundry/bin:/home/abims/.foundry/bin:/home/abims/.foundry/bin:/home/abims/.foundry/bin:/home/abims/.foundry/bin:/home/abims/.foundry/bin:/home/abims/.foundry/bin:/home/abims/.foundry/bin:/home/abims/.foundry/bin:/home/abims/.foundry/bin:/home/abims/.foundry/bin:/home/abims/.foundry/bin:/home/abims/.foundry/bin:/home/abims/.foundry/bin:/home/abims/.foundry/bin:/home/abims/.foundry/bin:/home/abims/.foundry/bin:/home/abims/.foundry/bin

Yarn version: 
  1.22.19

Node version: 
  18.7.0

Platform: 
  linux x64

Trace: 
  Error: connect ENETUNREACH 104.16.18.35:443 - Local (0.0.0.0:0)
      at internalConnect (node:net:1010:16)
      at defaultTriggerAsyncIdScope (node:internal/async_hooks:464:18)
      at emitLookup (node:net:1156:9)
      at /usr/lib/node_modules/yarn/lib/cli.js:103587:28
      at /usr/lib/node_modules/yarn/lib/cli.js:103496:13
      at module.exports.RawTask.call (/usr/lib/node_modules/yarn/lib/cli.js:79584:19)
      at flush (/usr/lib/node_modules/yarn/lib/cli.js:79666:29)
      at process.processTicksAndRejections (node:internal/process/task_queues:77:11)

npm manifest: 
  {
    "dependencies": {
      "@openzeppelin/contracts": "^3.1.0-rc.0"
    }
  }

yarn manifest: 
  No manifest

Lockfile: 
  # THIS IS AN AUTOGENERATED FILE. DO NOT EDIT THIS FILE DIRECTLY.
  # yarn lockfile v1
  
  
  "@openzeppelin/contracts@^3.1.0-rc.0":
    version "3.1.0-rc.0"
    resolved "https://registry.yarnpkg.com/@openzeppelin/contracts/-/contracts-3.1.0-rc.0.tgz#a131677675870e4edc71feb8066fc8ba84404c39"
    integrity sha512-Hw6s3PwoOHNdNhYff4VxjL3B9+d0phIZj/HjDiUymAT1PYXW6YVvuuzUYxDrRhQwwooFaQFeIUIA+ikJjLa2LQ==
